Arguments: 
  C:\Program Files\nodejs\node.exe C:\Program Files\nodejs\node_modules\yarn\bin\yarn.js set version 3

PATH: 
  C:\Windows\system32;C:\Windows;C:\Windows\System32\Wbem;C:\Windows\System32\WindowsPowerShell\v1.0\;C:\Windows\System32\OpenSSH\;C:\WINDOWS\system32;C:\WINDOWS;C:\WINDOWS\System32\Wbem;C:\WINDOWS\System32\WindowsPowerShell\v1.0\;C:\WINDOWS\System32\OpenSSH\;C:\Program Files (x86)\NVIDIA Corporation\PhysX\Common;C:\Program Files\NVIDIA Corporation\NVIDIA NvDLISR;C:\Program Files\PuTTY\;C:\Program Files\dotnet\;C:\Program Files\Git\cmd;%NVM_HOME%;%NVM_SYMLINK%;C:\Users\CDS\AppData\Local\Microsoft\WindowsApps;C:\Users\CDS\AppData\Local\Programs\Microsoft VS Code\bin;C:\Users\CDS\.dotnet\tools;D:\Code\nvm;C:\Program Files\nodejs

Yarn version: 
  1.22.19

Node version: 
  18.12.1

Platform: 
  win32 x64

Trace: 
  Error: Release not found: 3
      at D:\Code\nvm\v18.12.1\node_modules\yarn\lib\cli.js:86358:17
      at Generator.next (<anonymous>)
      at step (D:\Code\nvm\v18.12.1\node_modules\yarn\lib\cli.js:310:30)
      at D:\Code\nvm\v18.12.1\node_modules\yarn\lib\cli.js:321:13
      at process.processTicksAndRejections (node:internal/process/task_queues:95:5)

npm manifest: 
  No manifest

yarn manifest: 
  No manifest

Lockfile: 
  No lockfile
